1535919107799	geckodriver	INFO	geckodriver 0.21.0
1535919107809	geckodriver	INFO	Listening on 127.0.0.1:53696
1535919110846	mozrunner::runner	INFO	Running command: "C:\\Program Files\\Mozilla Firefox\\firefox.exe" "-marionette" "-foreground" "-no-remote" "-profile" "C:\\Users\\Cyber\\AppData\\Local\\Temp\\rust_mozprofile.fsT2Ikoqo6Er"
Unable to read VR Path Registry from C:\Users\Cyber\AppData\Local\openvr\openvrpaths.vrpath
Unable to read VR Path Registry from C:\Users\Cyber\AppData\Local\openvr\openvrpaths.vrpath
Unable to read VR Path Registry from C:\Users\Cyber\AppData\Local\openvr\openvrpaths.vrpath
Unable to read VR Path Registry from C:\Users\Cyber\AppData\Local\openvr\openvrpaths.vrpath
Unable to read VR Path Registry from C:\Users\Cyber\AppData\Local\openvr\openvrpaths.vrpath
1535919113011	Marionette	INFO	Listening on port 53704
1535919113087	Marionette	WARN	TLS certificate errors will be ignored for this session
[Child 7376, Chrome_ChildThread] WARNING: pipe error: 109: file z:/build/build/src/ipc/chromium/src/chrome/common/ipc_channel_win.cc, line 346
[Child 7376, Chr[Parent 348, Gecko_IOThread] WARNING: pipe error: 109: file z:/build/build/src/ipc/chromium/src/chrome/common/ipc_channel_win.cc, line 346
[Child 10576, Chrome_ChildThread] WARNING: pipe error: 109: file z:/build/build/src/ipc/chromium/src/chrome/common/ipc_channel_win.cc, line 346
[Child 10576, C*** UTM:SVC TimerManager:registerTimer called after profile-before-change notification. Ignoring timer registration for id: telemetry_modules_ping
[GPU 472
###!!! [Child][MessageChannel::SendAndWait] Error: Channel error: cannot send/recv

1535919123913	geckodriver	INFO	geckodriver 0.21.0
1535919123921	geckodriver	INFO	Listening on 127.0.0.1:53731
1535919126967	mozrunner::runner	INFO	Running command: "C:\\Program Files\\Mozilla Firefox\\firefox.exe" "-marionette" "-foreground" "-no-remote" "-profile" "C:\\Users\\Cyber\\AppData\\Local\\Temp\\rust_mozprofile.4GrpfEzm6lL3"
Unable to read VR Path Registry from C:\Users\Cyber\AppData\Local\openvr\openvrpaths.vrpath
Unable to read VR Path Registry from C:\Users\Cyber\AppData\Local\openvr\openvrpaths.vrpath
Unable to read VR Path Registry from C:\Users\Cyber\AppData\Local\openvr\openvrpaths.vrpath
Unable to read VR Path Registry from C:\Users\Cyber\AppData\Local\openvr\openvrpaths.vrpath
Unable to read VR Path Registry from C:\Users\Cyber\AppData\Local\openvr\openvrpaths.vrpath
1535919128910	Marionette	INFO	Listening on port 53739
1535919129084	Marionette	WARN	TLS certificate errors will be ignored for this session
[Parent 1184, Gecko_IOThread] WARNING: pipe error: 109: file z:/build/build/src/ipc/chromium/src/chrome/common/ipc_channel_win.cc, line 346
[Child 11424, Chrome_ChildThread] WARNING: pipe error: 109: file z:/build/build/src/ipc/chromium/src/chrome/common/ipc_channel_win.cc, line 346
[Child 11424, C[Parent 1184, Gecko_IOThread] WARNING: pipe error: 109: file z:/build/build/src/ipc/chromium/src/chrome/common/ipc_channel_win.cc, line 346
[Parent 1184, Gecko_IOThread] WARNING: pipe error: 109: file z:/build/build/src/ipc/chromium/src/chrome/common/ipc_channel_win.cc, line 346
*** UTM:SVC TimerManager:registerTimer called after profile-before-change notification. Ignoring timer registration for id: telemetry_modules_ping
[GPU 2680, 
###!!! [Child][MessageChannel::SendAndWait] Error: Channel error: cannot send/recv

1535920170667	geckodriver	INFO	geckodriver 0.21.0
1535920170675	geckodriver	INFO	Listening on 127.0.0.1:53883
1535920173808	mozrunner::runner	INFO	Running command: "C:\\Program Files\\Mozilla Firefox\\firefox.exe" "-marionette" "-foreground" "-no-remote" "-profile" "C:\\Users\\Cyber\\AppData\\Local\\Temp\\rust_mozprofile.617gysfFQEMa"
Unable to read VR Path Registry from C:\Users\Cyber\AppData\Local\openvr\openvrpaths.vrpath
Unable to read VR Path Registry from C:\Users\Cyber\AppData\Local\openvr\openvrpaths.vrpath
Unable to read VR Path Registry from C:\Users\Cyber\AppData\Local\openvr\openvrpaths.vrpath
Unable to read VR Path Registry from C:\Users\Cyber\AppData\Local\openvr\openvrpaths.vrpath
Unable to read VR Path Registry from C:\Users\Cyber\AppData\Local\openvr\openvrpaths.vrpath
1535920175670	Marionette	INFO	Listening on port 53891
1535920175925	Marionette	WARN	TLS certificate errors will be ignored for this session
[Child 4948, Chrome_ChildThread] WARNING: pipe error: 109: file z:/build/build/src/ipc/chromium/src/chrome/common/ipc_channel_win.cc, line 346
[Child 8672, Chrome_ChildThread] WARNING: pipe error: 109: file z:/build/build/src/ipc/chromium/src/chrome/common/ipc_channel_win.cc, line 346
[Child 8672,[Parent 1056, Gecko_IOThread] WARNING: pipe error: 109: file z:/build/build/src/ipc/chromium/src/chrome/common/ipc_channel_win.cc, line 346
[Child 8492, Chrome_ChildThread] WARNING: pipe error: 109: file z:/build/build/src/ipc/chromium/src/chrome/common/ipc_channel_win.cc, line 346
[Child 8492, C[GPU 2716, C
###!!! [Child][MessageChannel::SendAndWait] Error: Channel error: cannot send/recv

